sniffer starting
getting interfaces
found devices:
enp4s0
any - Pseudo-device that captures on all interfaces
lo
nflog - Linux netfilter log (NFLOG) interface
nfqueue - Linux netfilter queue (NFQUEUE) interface
usbmon1 - USB bus number 1
usbmon2 - USB bus number 2
usbmon3 - USB bus number 3
usbmon4 - USB bus number 4
selecting first named device
opening device enp4s0 for sniffing
could not start capture
sniffer starting
getting interfaces
found devices:
enp4s0
any - Pseudo-device that captures on all interfaces
lo
nflog - Linux netfilter log (NFLOG) interface
nfqueue - Linux netfilter queue (NFQUEUE) interface
usbmon1 - USB bus number 1
usbmon2 - USB bus number 2
usbmon3 - USB bus number 3
usbmon4 - USB bus number 4
selecting first named device
opening device enp4s0 for sniffing
