new data received, trees are now: 
{
	"children" : 
	[
		{
			"children" : null,
			"root" : 
			{
				"mac" : 
				{
					"address" : "F4:F2:6D:7D:BF:BD"
				},
				"messageAge" : 0,
				"priority" : 128
			}
		}
	],
	"root" : 
	{
		"mac" : 
		{
			"address" : "F4:F2:6D:7D:BF:BD"
		},
		"messageAge" : 0,
		"priority" : 128
	}
}
new data received, trees are now: 
{
	"children" : 
	[
		{
			"children" : null,
			"root" : 
			{
				"mac" : 
				{
					"address" : "F4:F2:6D:7D:BF:BD"
				},
				"messageAge" : 0,
				"priority" : 128
			}
		}
	],
	"root" : 
	{
		"mac" : 
		{
			"address" : "F4:F2:6D:7D:BF:BD"
		},
		"messageAge" : 0,
		"priority" : 128
	}
}
new data received, trees are now: 
{
	"children" : 
	[
		{
			"children" : null,
			"root" : 
			{
				"mac" : 
				{
					"address" : "F4:F2:6D:7D:BF:BD"
				},
				"messageAge" : 0,
				"priority" : 128
			}
		}
	],
	"root" : 
	{
		"mac" : 
		{
			"address" : "F4:F2:6D:7D:BF:BD"
		},
		"messageAge" : 0,
		"priority" : 128
	}
}
new data received, trees are now: 
{
	"children" : 
	[
		{
			"children" : null,
			"root" : 
			{
				"mac" : 
				{
					"address" : "F4:F2:6D:7D:BF:BD"
				},
				"messageAge" : 0,
				"priority" : 128
			}
		}
	],
	"root" : 
	{
		"mac" : 
		{
			"address" : "F4:F2:6D:7D:BF:BD"
		},
		"messageAge" : 0,
		"priority" : 128
	}
}
new data received, trees are now: 
{
	"children" : 
	[
		{
			"children" : null,
			"root" : 
			{
				"mac" : 
				{
					"address" : "F4:F2:6D:7D:BF:BD"
				},
				"messageAge" : 0,
				"priority" : 128
			}
		}
	],
	"root" : 
	{
		"mac" : 
		{
			"address" : "F4:F2:6D:7D:BF:BD"
		},
		"messageAge" : 0,
		"priority" : 128
	}
}
new data received, trees are now: 
{
	"children" : 
	[
		{
			"children" : null,
			"root" : 
			{
				"mac" : 
				{
					"address" : "F4:F2:6D:7D:BF:BD"
				},
				"messageAge" : 0,
				"priority" : 128
			}
		}
	],
	"root" : 
	{
		"mac" : 
		{
			"address" : "F4:F2:6D:7D:BF:BD"
		},
		"messageAge" : 0,
		"priority" : 128
	}
}
new data received, trees are now: 
{
	"children" : 
	[
		{
			"children" : null,
			"root" : 
			{
				"mac" : 
				{
					"address" : "F4:F2:6D:7D:BF:BD"
				},
				"messageAge" : 0,
				"priority" : 128
			}
		}
	],
	"root" : 
	{
		"mac" : 
		{
			"address" : "F4:F2:6D:7D:BF:BD"
		},
		"messageAge" : 0,
		"priority" : 128
	}
}
new data received, trees are now: 
{
	"children" : 
	[
		{
			"children" : null,
			"root" : 
			{
				"mac" : 
				{
					"address" : "F4:F2:6D:7D:BF:BD"
				},
				"messageAge" : 0,
				"priority" : 128
			}
		}
	],
	"root" : 
	{
		"mac" : 
		{
			"address" : "F4:F2:6D:7D:BF:BD"
		},
		"messageAge" : 0,
		"priority" : 128
	}
}
