sniffer starting
getting interfaces
found devices:
enp0s25
any - Pseudo-device that captures on all interfaces
lo
wlp3s0
bluetooth-monitor - Bluetooth Linux Monitor
nflog - Linux netfilter log (NFLOG) interface
nfqueue - Linux netfilter queue (NFQUEUE) interface
usbmon1 - USB bus number 1
usbmon2 - USB bus number 2
usbmon3 - USB bus number 3
selecting first named device
opening device enp0s25 for sniffing
currentTree: 
{"children":null,"root":{"mac":{"address":"84:34:97:C8:A1:00"},"messageAge":0,"priority":64}}

sniffer starting
getting interfaces
found devices:
enp0s25
any - Pseudo-device that captures on all interfaces
lo
wlp3s0
bluetooth-monitor - Bluetooth Linux Monitor
nflog - Linux netfilter log (NFLOG) interface
nfqueue - Linux netfilter queue (NFQUEUE) interface
usbmon1 - USB bus number 1
usbmon2 - USB bus number 2
usbmon3 - USB bus number 3
selecting first named device
opening device enp0s25 for sniffing
currentTree: 
{"children":null,"root":{"mac":{"address":"84:34:97:C8:A1:00"},"messageAge":0,"priority":64}}

could not connect to server
currentTree: 
{"children":null,"root":{"mac":{"address":"84:34:97:C8:A1:00"},"messageAge":0,"priority":64}}

